c:\users\23925\desktop\ui\homeworkui\x64\debug\tableitem.obj
c:\users\23925\desktop\ui\homeworkui\x64\debug\review.obj
c:\users\23925\desktop\ui\homeworkui\x64\debug\mainwindow.obj
c:\users\23925\desktop\ui\homeworkui\x64\debug\main.obj
c:\users\23925\desktop\ui\homeworkui\x64\debug\vc141.pdb
c:\users\23925\desktop\ui\homeworkui\x64\debug\moc_mainwindow.obj
c:\users\23925\desktop\ui\homeworkui\debug\moc_predefs.h
c:\users\23925\desktop\ui\homeworkui\generatedfiles\debug\moc_mainwindow.cpp
c:\users\23925\desktop\ui\homeworkui\generatedfiles\ui_dati.h
c:\users\23925\desktop\ui\homeworkui\debug\homeworkui.exe
c:\users\23925\desktop\ui\homeworkui\debug\homeworkui.ilk
c:\users\23925\desktop\ui\homeworkui\debug\homeworkui.pdb
c:\users\23925\desktop\ui\homeworkui\x64\debug\homeworkui.tlog\cl.command.1.tlog
c:\users\23925\desktop\ui\homeworkui\x64\debug\homeworkui.tlog\cl.read.1.tlog
c:\users\23925\desktop\ui\homeworkui\x64\debug\homeworkui.tlog\cl.write.1.tlog
c:\users\23925\desktop\ui\homeworkui\x64\debug\homeworkui.tlog\custombuild.command.1.tlog
c:\users\23925\desktop\ui\homeworkui\x64\debug\homeworkui.tlog\custombuild.read.1.tlog
c:\users\23925\desktop\ui\homeworkui\x64\debug\homeworkui.tlog\custombuild.write.1.tlog
c:\users\23925\desktop\ui\homeworkui\x64\debug\homeworkui.tlog\homeworkui.write.1u.tlog
c:\users\23925\desktop\ui\homeworkui\x64\debug\homeworkui.tlog\link.command.1.tlog
c:\users\23925\desktop\ui\homeworkui\x64\debug\homeworkui.tlog\link.read.1.tlog
c:\users\23925\desktop\ui\homeworkui\x64\debug\homeworkui.tlog\link.write.1.tlog
